Flow report for counter
Wed Dec 27 16:55:01 2023
Quartus II 64-Bit Version 13.1.0 Build 162 10/23/2013 SJ Full Version


---------------------
; Table of Contents ;
---------------------
  1. Legal Notice
  2. Flow Summary
  3. Flow Settings
  4. Flow Non-Default Global Settings
  5. Flow Elapsed Time
  6. Flow OS Summary
  7. Flow Log
  8. Flow Messages
  9. Flow Suppressed Messages



----------------
; Legal Notice ;
----------------
Copyright (C) 1991-2013 Altera Corporation
Your use of Altera Corporation's design tools, logic functions 
and other software and tools, and its AMPP partner logic 
functions, and any output files from any of the foregoing 
(including device programming or simulation files), and any 
associated documentation or information are expressly subject 
to the terms and conditions of the Altera Program License 
Subscription Agreement, Altera MegaCore Function License 
Agreement, or other applicable license agreement, including, 
without limitation, that your use is for the sole purpose of 
programming logic devices manufactured by Altera and sold by 
Altera or its authorized distributors.  Please refer to the 
applicable agreement for further details.



+----------------------------------------------------------------------------------+
; Flow Summary                                                                     ;
+------------------------------------+---------------------------------------------+
; Flow Status                        ; Successful - Wed Dec 27 16:55:01 2023       ;
; Quartus II 64-Bit Version          ; 13.1.0 Build 162 10/23/2013 SJ Full Version ;
; Revision Name                      ; counter                                     ;
; Top-level Entity Name              ; top_functionGenerate                        ;
; Family                             ; Cyclone IV E                                ;
; Device                             ; EP4CE10F17C8                                ;
; Timing Models                      ; Final                                       ;
; Total logic elements               ; 401 / 10,320 ( 4 % )                        ;
;     Total combinational functions  ; 330 / 10,320 ( 3 % )                        ;
;     Dedicated logic registers      ; 205 / 10,320 ( 2 % )                        ;
; Total registers                    ; 205                                         ;
; Total pins                         ; 9 / 180 ( 5 % )                             ;
; Total virtual pins                 ; 0                                           ;
; Total memory bits                  ; 0 / 423,936 ( 0 % )                         ;
; Embedded Multiplier 9-bit elements ; 0 / 46 ( 0 % )                              ;
; Total PLLs                         ; 1 / 2 ( 50 % )                              ;
+------------------------------------+---------------------------------------------+


+-----------------------------------------+
; Flow Settings                           ;
+-------------------+---------------------+
; Option            ; Setting             ;
+-------------------+---------------------+
; Start date & time ; 12/27/2023 16:54:42 ;
; Main task         ; Compilation         ;
; Revision Name     ; counter             ;
+-------------------+---------------------+


+-------------------------------------------------------------------------------------------------------------------------------------------+
; Flow Non-Default Global Settings                                                                                                          ;
+--------------------------------------+---------------------------------------+---------------+----------------------+---------------------+
; Assignment Name                      ; Value                                 ; Default Value ; Entity Name          ; Section Id          ;
+--------------------------------------+---------------------------------------+---------------+----------------------+---------------------+
; COMPILER_SIGNATURE_ID                ; 181124894814045.170366728226076       ; --            ; --                   ; --                  ;
; EDA_DESIGN_INSTANCE_NAME             ; NA                                    ; --            ; --                   ; tb_functionGenerate ;
; EDA_DESIGN_INSTANCE_NAME             ; NA                                    ; --            ; --                   ; tb_uart_rx          ;
; EDA_NATIVELINK_SIMULATION_TEST_BENCH ; tb_functionGenerate                   ; --            ; --                   ; eda_simulation      ;
; EDA_OUTPUT_DATA_FORMAT               ; Verilog Hdl                           ; --            ; --                   ; eda_simulation      ;
; EDA_SIMULATION_TOOL                  ; ModelSim (Verilog)                    ; <None>        ; --                   ; --                  ;
; EDA_TEST_BENCH_ENABLE_STATUS         ; TEST_BENCH_MODE                       ; --            ; --                   ; eda_simulation      ;
; EDA_TEST_BENCH_FILE                  ; ../sim/tb_functionGenerate.v          ; --            ; --                   ; tb_functionGenerate ;
; EDA_TEST_BENCH_FILE                  ; ../sim/tb_uart_rx.v                   ; --            ; --                   ; tb_uart_rx          ;
; EDA_TEST_BENCH_MODULE_NAME           ; tb_functionGenerate                   ; --            ; --                   ; tb_functionGenerate ;
; EDA_TEST_BENCH_MODULE_NAME           ; tb_uart_rx                            ; --            ; --                   ; tb_uart_rx          ;
; EDA_TEST_BENCH_NAME                  ; tb_functionGenerate                   ; --            ; --                   ; eda_simulation      ;
; EDA_TEST_BENCH_NAME                  ; tb_uart_rx                            ; --            ; --                   ; eda_simulation      ;
; EDA_TEST_BENCH_RUN_SIM_FOR           ; 11 ms                                 ; --            ; --                   ; tb_uart_rx          ;
; EDA_TIME_SCALE                       ; 100 us                                ; --            ; --                   ; eda_simulation      ;
; IP_TOOL_NAME                         ; ALTPLL                                ; --            ; --                   ; --                  ;
; IP_TOOL_NAME                         ; FIFO                                  ; --            ; --                   ; --                  ;
; IP_TOOL_VERSION                      ; 13.1                                  ; --            ; --                   ; --                  ;
; IP_TOOL_VERSION                      ; 13.1                                  ; --            ; --                   ; --                  ;
; MAX_CORE_JUNCTION_TEMP               ; 85                                    ; --            ; --                   ; --                  ;
; MIN_CORE_JUNCTION_TEMP               ; 0                                     ; --            ; --                   ; --                  ;
; MISC_FILE                            ; ipcore_dir/ipcore_inst.v              ; --            ; --                   ; --                  ;
; MISC_FILE                            ; ipcore_dir/ipcore.ppf                 ; --            ; --                   ; --                  ;
; MISC_FILE                            ; fifo_ip_inst.v                        ; --            ; --                   ; --                  ;
; MISC_FILE                            ; fifo_ip_bb.v                          ; --            ; --                   ; --                  ;
; OUTPUT_IO_TIMING_FAR_END_VMEAS       ; Half Signal Swing                     ; --            ; --                   ; --                  ;
; OUTPUT_IO_TIMING_FAR_END_VMEAS       ; Half Signal Swing                     ; --            ; --                   ; --                  ;
; OUTPUT_IO_TIMING_NEAR_END_VMEAS      ; Half Vccio                            ; --            ; --                   ; --                  ;
; OUTPUT_IO_TIMING_NEAR_END_VMEAS      ; Half Vccio                            ; --            ; --                   ; --                  ;
; PARTITION_COLOR                      ; 16764057                              ; --            ; top_functionGenerate ; Top                 ;
; PARTITION_FITTER_PRESERVATION_LEVEL  ; PLACEMENT_AND_ROUTING                 ; --            ; top_functionGenerate ; Top                 ;
; PARTITION_NETLIST_TYPE               ; SOURCE                                ; --            ; top_functionGenerate ; Top                 ;
; POWER_BOARD_THERMAL_MODEL            ; None (CONSERVATIVE)                   ; --            ; --                   ; --                  ;
; POWER_PRESET_COOLING_SOLUTION        ; 23 MM HEAT SINK WITH 200 LFPM AIRFLOW ; --            ; --                   ; --                  ;
; PROJECT_OUTPUT_DIRECTORY             ; output_files                          ; --            ; --                   ; --                  ;
; TOP_LEVEL_ENTITY                     ; top_functionGenerate                  ; counter       ; --                   ; --                  ;
+--------------------------------------+---------------------------------------+---------------+----------------------+---------------------+


+-------------------------------------------------------------------------------------------------------------------------------+
; Flow Elapsed Time                                                                                                             ;
+---------------------------+--------------+-------------------------+---------------------+------------------------------------+
; Module Name               ; Elapsed Time ; Average Processors Used ; Peak Virtual Memory ; Total CPU Time (on all processors) ;
+---------------------------+--------------+-------------------------+---------------------+------------------------------------+
; Analysis & Synthesis      ; 00:00:02     ; 1.0                     ; 4645 MB             ; 00:00:02                           ;
; Fitter                    ; 00:00:07     ; 1.9                     ; 5379 MB             ; 00:00:08                           ;
; Assembler                 ; 00:00:01     ; 1.0                     ; 4578 MB             ; 00:00:01                           ;
; TimeQuest Timing Analyzer ; 00:00:02     ; 1.0                     ; 4685 MB             ; 00:00:02                           ;
; EDA Netlist Writer        ; 00:00:01     ; 1.0                     ; 4557 MB             ; 00:00:01                           ;
; Total                     ; 00:00:13     ; --                      ; --                  ; 00:00:14                           ;
+---------------------------+--------------+-------------------------+---------------------+------------------------------------+


+----------------------------------------------------------------------------------------+
; Flow OS Summary                                                                        ;
+---------------------------+------------------+-----------+------------+----------------+
; Module Name               ; Machine Hostname ; OS Name   ; OS Version ; Processor type ;
+---------------------------+------------------+-----------+------------+----------------+
; Analysis & Synthesis      ; XTZJ-20211208XD  ; Windows 7 ; 6.2        ; x86_64         ;
; Fitter                    ; XTZJ-20211208XD  ; Windows 7 ; 6.2        ; x86_64         ;
; Assembler                 ; XTZJ-20211208XD  ; Windows 7 ; 6.2        ; x86_64         ;
; TimeQuest Timing Analyzer ; XTZJ-20211208XD  ; Windows 7 ; 6.2        ; x86_64         ;
; EDA Netlist Writer        ; XTZJ-20211208XD  ; Windows 7 ; 6.2        ; x86_64         ;
+---------------------------+------------------+-----------+------------+----------------+


------------
; Flow Log ;
------------
quartus_map --read_settings_files=on --write_settings_files=off counter -c counter
quartus_fit --read_settings_files=off --write_settings_files=off counter -c counter
quartus_asm --read_settings_files=off --write_settings_files=off counter -c counter
quartus_sta counter -c counter
quartus_eda --read_settings_files=off --write_settings_files=off counter -c counter



